🌌 V5.4 Organic BFS Crawler Started...

🌱 초기 Seed(Hub) 아티스트 설정 중...

🔍 [탐색] BTS (Depth: 0) | Queue: 54 | Nodes: 54

🔍 [탐색] BLACKPINK (Depth: 0) | Queue: 97 | Nodes: 98

🔍 [탐색] IU (Depth: 0) | Queue: 155 | Nodes: 157

🔍 [탐색] Zico (Depth: 0) | Queue: 170 | Nodes: 173

🔍 [탐색] Jay Park (Depth: 0) | Queue: 171 | Nodes: 175
  💾 중간 저장 완료 (188 nodes)

🔍 [탐색] Epik High (Depth: 0) | Queue: 183 | Nodes: 188

🔍 [탐색] Heize (Depth: 0) | Queue: 211 | Nodes: 217

🔍 [탐색] The Black Skirts (Depth: 0) | Queue: 211 | Nodes: 218

🔍 [탐색] NMIXX (Depth: 0) | Queue: 218 | Nodes: 226

🔍 [탐색] Stray Kids (Depth: 0) | Queue: 279 | Nodes: 288
  💾 중간 저장 완료 (330 nodes)

🔍 [탐색] (G)I-DLE (Depth: 0) | Queue: 320 | Nodes: 330

🔍 [탐색] NewJeans (Depth: 0) | Queue: 362 | Nodes: 373

🔍 [탐색] BIBI (Depth: 0) | Queue: 377 | Nodes: 389

🔍 [탐색] pH-1 (Depth: 0) | Queue: 376 | Nodes: 389

🔍 [탐색] Baek A (Depth: 0) | Queue: 381 | Nodes: 395
  💾 중간 저장 완료 (416 nodes)

🔍 [탐색] Autumn Vacation (Depth: 0) | Queue: 401 | Nodes: 416

🔍 [탐색] Lee Baksa (Depth: 0) | Queue: 404 | Nodes: 420

🔍 [탐색] Han Roro (Depth: 0) | Queue: 403 | Nodes: 420

🔍 [탐색] Nell (Depth: 0) | Queue: 403 | Nodes: 421

🔍 [탐색] Linus's Blanket (Depth: 0) | Queue: 405 | Nodes: 424
  💾 중간 저장 완료 (436 nodes)

🔍 [탐색] Deli Spice (Depth: 0) | Queue: 416 | Nodes: 436

🔍 [탐색] Through the Sloe (Depth: 0) | Queue: 424 | Nodes: 445

🔍 [탐색] Julia's Heart (Depth: 0) | Queue: 423 | Nodes: 445

🔍 [탐색] Broccoli You Too (Depth: 0) | Queue: 483 | Nodes: 506

🔍 [탐색] AKMU (Depth: 0) | Queue: 482 | Nodes: 506
  💾 중간 저장 완료 (508 nodes)

🔍 [탐색] BIGBANG (Depth: 0) | Queue: 483 | Nodes: 508

🔍 [탐색] Girls' Generation (Depth: 0) | Queue: 508 | Nodes: 534

🔍 [탐색] Seo Taiji (Depth: 0) | Queue: 574 | Nodes: 602

🔍 [탐색] Yoon Sang (Depth: 0) | Queue: 580 | Nodes: 609

🔍 [탐색] Toy (Depth: 0) | Queue: 579 | Nodes: 609
  💾 중간 저장 완료 (630 nodes)

🔍 [탐색] Yoon Mirae (Depth: 0) | Queue: 599 | Nodes: 630

🔍 [탐색] Sunwoo Jung-a (Depth: 0) | Queue: 599 | Nodes: 631

🔍 [탐색] Lee Juk (Depth: 0) | Queue: 603 | Nodes: 636

🔍 [탐색] Deux (Depth: 0) | Queue: 602 | Nodes: 636

🔍 [탐색] dosii (Depth: 0) | Queue: 602 | Nodes: 637
  💾 중간 저장 완료 (639 nodes)

🔍 [탐색] Mot (Depth: 0) | Queue: 603 | Nodes: 639

🔍 [탐색] Kiha & The Faces (Depth: 0) | Queue: 609 | Nodes: 646

🔍 [탐색] SE SO NEON (Depth: 0) | Queue: 627 | Nodes: 665

🔍 [탐색] Kim Sawol (Depth: 0) | Queue: 627 | Nodes: 666

🔍 [탐색] THORNAPPLE (Depth: 0) | Queue: 626 | Nodes: 666
  💾 중간 저장 완료 (670 nodes)

🔍 [탐색] Nerd Connection (Depth: 0) | Queue: 629 | Nodes: 670

🔍 [탐색] Meaningful Stone (Depth: 0) | Queue: 632 | Nodes: 674

🔍 [탐색] mingginyu (Depth: 0) | Queue: 672 | Nodes: 715

🔍 [탐색] Silica Gel (Depth: 0) | Queue: 671 | Nodes: 715

🔍 [탐색] cotoba (Depth: 0) | Queue: 673 | Nodes: 718
  💾 중간 저장 완료 (726 nodes)

🔍 [탐색] ADOY (Depth: 0) | Queue: 680 | Nodes: 726

🔍 [탐색] youra (Depth: 0) | Queue: 683 | Nodes: 730

🔍 [탐색] Aseul (Depth: 0) | Queue: 682 | Nodes: 730

🔍 [탐색] Lee Godo (Depth: 0) | Queue: 681 | Nodes: 730

🔍 [탐색] ALEPH (Depth: 0) | Queue: 680 | Nodes: 730
  💾 중간 저장 완료 (736 nodes)

🔍 [탐색] 015B (Depth: 0) | Queue: 685 | Nodes: 736

🔍 [탐색] Guckkasten (Depth: 0) | Queue: 686 | Nodes: 738

🔍 [탐색] Car, the garden (Depth: 0) | Queue: 692 | Nodes: 745

🔍 [탐색] Chamsom (Depth: 0) | Queue: 693 | Nodes: 747

🔍 [탐색] j‐hope (Depth: 1) | Queue: 692 | Nodes: 747
  💾 중간 저장 완료 (748 nodes)

🔍 [탐색] Jimin (Depth: 1) | Queue: 692 | Nodes: 748

🔍 [탐색] JIN (Depth: 1) | Queue: 691 | Nodes: 748

🔍 [탐색] Jung Kook (Depth: 1) | Queue: 690 | Nodes: 748

🔍 [탐색] RM (Depth: 1) | Queue: 692 | Nodes: 751

🔍 [탐색] SUGA (Depth: 1) | Queue: 692 | Nodes: 752
  💾 중간 저장 완료 (758 nodes)

🔍 [탐색] V (Depth: 1) | Queue: 697 | Nodes: 758

🔍 [탐색] Pdogg (Depth: 1) | Queue: 696 | Nodes: 758

🔍 [탐색] 방시혁 (Depth: 1) | Queue: 695 | Nodes: 758

🔍 [탐색] Halsey (Depth: 1) | Queue: 694 | Nodes: 758

🔍 [탐색] Melanie Joy Fontana (Depth: 1) | Queue: 739 | Nodes: 804
  💾 중간 저장 완료 (804 nodes)

🔍 [탐색] ADORA (Depth: 1) | Queue: 738 | Nodes: 804

🔍 [탐색] Hiss noise (Depth: 1) | Queue: 737 | Nodes: 804

🔍 [탐색] Lindgren (Depth: 1) | Queue: 736 | Nodes: 804

🔍 [탐색] Supreme Boi (Depth: 1) | Queue: 735 | Nodes: 804

🔍 [탐색] Emily Weisband (Depth: 1) | Queue: 734 | Nodes: 804
  💾 중간 저장 완료 (804 nodes)

🔍 [탐색] Arcades (Depth: 1) | Queue: 733 | Nodes: 804

🔍 [탐색] Marcus McCoan (Depth: 1) | Queue: 732 | Nodes: 804

🔍 [탐색] DJ Swivel (Depth: 1) | Queue: 731 | Nodes: 804

🔍 [탐색] Candace Sosa (Depth: 1) | Queue: 730 | Nodes: 804

🔍 [탐색] Max Graham (Depth: 1) | Queue: 729 | Nodes: 804
  💾 중간 저장 완료 (808 nodes)

🔍 [탐색] Camilla Anne Stewart (Depth: 1) | Queue: 732 | Nodes: 808

🔍 [탐색] Matt Thomson (Depth: 1) | Queue: 731 | Nodes: 808

🔍 [탐색] Fred again.. (Depth: 1) | Queue: 730 | Nodes: 808

🔍 [탐색] Benjy Gibson (Depth: 1) | Queue: 771 | Nodes: 850

🔍 [탐색] Jo Hill (Depth: 1) | Queue: 771 | Nodes: 851
  💾 중간 저장 완료 (851 nodes)

🔍 [탐색] Ed Sheeran (Depth: 1) | Queue: 770 | Nodes: 851

🔍 [탐색] Ryan Lawrie (Depth: 1) | Queue: 805 | Nodes: 887

🔍 [탐색] Tushar Apte (Depth: 1) | Queue: 804 | Nodes: 887

🔍 [탐색] Lauren Dyson (Depth: 1) | Queue: 803 | Nodes: 887

🔍 [탐색] Julia Ross (Depth: 1) | Queue: 805 | Nodes: 890
  💾 중간 저장 완료 (891 nodes)

🔍 [탐색] 송재경 (Depth: 1) | Queue: 805 | Nodes: 891

🔍 [탐색] Krysta Youngs (Depth: 1) | Queue: 805 | Nodes: 892

🔍 [탐색] 정바비 (Depth: 1) | Queue: 804 | Nodes: 892

🔍 [탐색] Slow Rabbit (Depth: 1) | Queue: 807 | Nodes: 896

🔍 [탐색] Ray Michael Djan, Jr. (Depth: 1) | Queue: 806 | Nodes: 896
  💾 중간 저장 완료 (896 nodes)

🔍 [탐색] Ashton Foster (Depth: 1) | Queue: 805 | Nodes: 896

🔍 [탐색] KASS (Depth: 1) | Queue: 804 | Nodes: 896

🔍 [탐색] Crash Cove (Depth: 1) | Queue: 804 | Nodes: 897

🔍 [탐색] Matthew Tishler (Depth: 1) | Queue: 804 | Nodes: 898

🔍 [탐색] Allison Kaplan (Depth: 1) | Queue: 803 | Nodes: 898
  💾 중간 저장 완료 (898 nodes)

🔍 [탐색] Bad Milk (Depth: 1) | Queue: 802 | Nodes: 898

🔍 [탐색] Owen Roberts (Depth: 1) | Queue: 801 | Nodes: 898

🔍 [탐색] Roman (Depth: 1) | Queue: 800 | Nodes: 898

🔍 [탐색] YG Family (Depth: 1) | Queue: 799 | Nodes: 898

🔍 [탐색] JENNIE (Depth: 1) | Queue: 802 | Nodes: 902
  💾 중간 저장 완료 (902 nodes)

🔍 [탐색] JISOO (Depth: 1) | Queue: 801 | Nodes: 902

🔍 [탐색] LISA (Depth: 1) | Queue: 809 | Nodes: 911

🔍 [탐색] ROSÉ (Depth: 1) | Queue: 831 | Nodes: 934

🔍 [탐색] TEDDY (Depth: 1) | Queue: 839 | Nodes: 943

🔍 [탐색] 24 (Depth: 1) | Queue: 838 | Nodes: 943
  💾 중간 저장 완료 (943 nodes)

🔍 [탐색] Bekuh BOOM (Depth: 1) | Queue: 837 | Nodes: 943

🔍 [탐색] R.Tee (Depth: 1) | Queue: 836 | Nodes: 943

🔍 [탐색] Danny Chung (Depth: 1) | Queue: 835 | Nodes: 943

🔍 [탐색] Vince (Depth: 1) | Queue: 834 | Nodes: 943

🔍 [탐색] Mr. Franks (Depth: 1) | Queue: 833 | Nodes: 943
  💾 중간 저장 완료 (943 nodes)

🔍 [탐색] TBHits (Depth: 1) | Queue: 832 | Nodes: 943

🔍 [탐색] IDO (Depth: 1) | Queue: 832 | Nodes: 944

🔍 [탐색] FUTURE BOUNCE (Depth: 1) | Queue: 836 | Nodes: 949

🔍 [탐색] LØREN (Depth: 1) | Queue: 837 | Nodes: 951

🔍 [탐색] Brian Lee (Depth: 1) | Queue: 836 | Nodes: 951
  💾 중간 저장 완료 (951 nodes)

🔍 [탐색] 서원진 (Depth: 1) | Queue: 835 | Nodes: 951

🔍 [탐색] KUSH (Depth: 1) | Queue: 834 | Nodes: 951

🔍 [탐색] Zikai (Depth: 1) | Queue: 834 | Nodes: 952

🔍 [탐색] Łukasz Gottwald (Depth: 1) | Queue: 833 | Nodes: 952

🔍 [탐색] Theron Thomas (Depth: 1) | Queue: 835 | Nodes: 955
  💾 중간 저장 완료 (956 nodes)

🔍 [탐색] Yosuke Nobeyama (Depth: 1) | Queue: 835 | Nodes: 956

🔍 [탐색] Selena Gomez (Depth: 1) | Queue: 834 | Nodes: 956

🔍 [탐색] Ariana Grande (Depth: 1) | Queue: 918 | Nodes: 1041

🔍 [탐색] Victoria Monét (Depth: 1) | Queue: 1004 | Nodes: 1128

🔍 [탐색] Cardi B (Depth: 1) | Queue: 1012 | Nodes: 1137
  💾 중간 저장 완료 (1177 nodes)

🔍 [탐색] Jonathan Descartes (Depth: 1) | Queue: 1051 | Nodes: 1177

🔍 [탐색] Ryan Tedder (Depth: 1) | Queue: 1050 | Nodes: 1177

🔍 [탐색] Torae (Depth: 1) | Queue: 1053 | Nodes: 1181

🔍 [탐색] TAEO (Depth: 1) | Queue: 1053 | Nodes: 1182

🔍 [탐색] Lydia Paek (Depth: 1) | Queue: 1052 | Nodes: 1182
  💾 중간 저장 완료 (1183 nodes)

🔍 [탐색] Masta Wu (Depth: 1) | Queue: 1052 | Nodes: 1183

🔍 [탐색] Dominsuk (Depth: 1) | Queue: 1052 | Nodes: 1184

🔍 [탐색] VVN (Depth: 1) | Queue: 1051 | Nodes: 1184

🔍 [탐색] Bianca Atterberry (Depth: 1) | Queue: 1050 | Nodes: 1184

🔍 [탐색] Freddy Wexler (Depth: 1) | Queue: 1051 | Nodes: 1186
  💾 중간 저장 완료 (1186 nodes)

🔍 [탐색] Max Wolfgang (Depth: 1) | Queue: 1050 | Nodes: 1186

🔍 [탐색] Ape Drums (Depth: 1) | Queue: 1049 | Nodes: 1186

🔍 [탐색] Boaz van de Beatz (Depth: 1) | Queue: 1050 | Nodes: 1188

🔍 [탐색] Diplo (Depth: 1) | Queue: 1050 | Nodes: 1189

🔍 [탐색] Zecca (Depth: 1) | Queue: 1090 | Nodes: 1230
  💾 중간 저장 완료 (1230 nodes)

🔍 [탐색] Jesse Bluu (Depth: 1) | Queue: 1089 | Nodes: 1230

🔍 [탐색] Jumpa (Depth: 1) | Queue: 1088 | Nodes: 1230

🔍 [탐색] Malachiii (Depth: 1) | Queue: 1087 | Nodes: 1230

🔍 [탐색] Claudia Valentina (Depth: 1) | Queue: 1086 | Nodes: 1230

🔍 [탐색] Cirkut (Depth: 1) | Queue: 1096 | Nodes: 1241
  💾 중간 저장 완료 (1243 nodes)

🔍 [탐색] Chris Martin (Depth: 1) | Queue: 1097 | Nodes: 1243

🔍 [탐색] Vaughn Oliver (Depth: 1) | Queue: 1107 | Nodes: 1254

🔍 [탐색] Rocco Did It Again! (Depth: 1) | Queue: 1110 | Nodes: 1258

🔍 [탐색] Toby Wincorn (Depth: 1) | Queue: 1109 | Nodes: 1258

🔍 [탐색] Jelli Dorman (Depth: 1) | Queue: 1108 | Nodes: 1258
  💾 중간 저장 완료 (1258 nodes)

🔍 [탐색] Dr. Luke (Depth: 1) | Queue: 1107 | Nodes: 1258

🔍 [탐색] EJAE (Depth: 1) | Queue: 1111 | Nodes: 1263

🔍 [탐색] Courtlin Jabrae (Depth: 1) | Queue: 1111 | Nodes: 1264

🔍 [탐색] fanfan. (Depth: 1) | Queue: 1110 | Nodes: 1264

🔍 [탐색] David Guetta (Depth: 1) | Queue: 1110 | Nodes: 1265
  💾 중간 저장 완료 (1364 nodes)

🔍 [탐색] Leah Haywood (Depth: 1) | Queue: 1208 | Nodes: 1364

🔍 [탐색] Choice37 (Depth: 1) | Queue: 1208 | Nodes: 1365

🔍 [탐색] 이유 갓지 않은 이유 (Depth: 1) | Queue: 1207 | Nodes: 1365

🔍 [탐색] 최갑원 (Depth: 1) | Queue: 1207 | Nodes: 1366

🔍 [탐색] 김이나 (Depth: 1) | Queue: 1206 | Nodes: 1366
  💾 중간 저장 완료 (1366 nodes)

🔍 [탐색] Peejay (Depth: 1) | Queue: 1205 | Nodes: 1366

🔍 [탐색] 한상원 (Depth: 1) | Queue: 1207 | Nodes: 1369

🔍 [탐색] 제휘 (Depth: 1) | Queue: 1207 | Nodes: 1370

🔍 [탐색] 조정치 (Depth: 1) | Queue: 1206 | Nodes: 1370

🔍 [탐색] 윤종신 (Depth: 1) | Queue: 1206 | Nodes: 1371
  💾 중간 저장 완료 (1412 nodes)

🔍 [탐색] 이현승 (Depth: 1) | Queue: 1246 | Nodes: 1412

🔍 [탐색] 김도훈 (Depth: 1) | Queue: 1245 | Nodes: 1412

🔍 [탐색] 박주원 (Depth: 1) | Queue: 1244 | Nodes: 1412

🔍 [탐색] east4A (Depth: 1) | Queue: 1243 | Nodes: 1412

🔍 [탐색] 윤상 (Depth: 1) | Queue: 1242 | Nodes: 1412
  💾 중간 저장 완료 (1415 nodes)

🔍 [탐색] G. Gorilla (Depth: 1) | Queue: 1244 | Nodes: 1415

🔍 [탐색] 이민수 (Depth: 1) | Queue: 1244 | Nodes: 1416

🔍 [탐색] 정석원 (Depth: 1) | Queue: 1243 | Nodes: 1416

🔍 [탐색] Block B (Depth: 1) | Queue: 1242 | Nodes: 1416

🔍 [탐색] FANXY CHILD (Depth: 1) | Queue: 1247 | Nodes: 1422
  💾 중간 저장 완료 (1427 nodes)

🔍 [탐색] Mark Wakefield (Depth: 1) | Queue: 1251 | Nodes: 1427

🔍 [탐색] Rob Bourdon (Depth: 1) | Queue: 1251 | Nodes: 1428

🔍 [탐색] Brad Delson (Depth: 1) | Queue: 1251 | Nodes: 1429

🔍 [탐색] David Michael Farrell (Depth: 1) | Queue: 1250 | Nodes: 1429

🔍 [탐색] Joseph “Joe” Hahn (Depth: 1) | Queue: 1250 | Nodes: 1430
  💾 중간 저장 완료 (1430 nodes)

🔍 [탐색] Mike Shinoda (Depth: 1) | Queue: 1249 | Nodes: 1430

🔍 [탐색] Chester Bennington (Depth: 1) | Queue: 1256 | Nodes: 1438

🔍 [탐색] Emily Armstrong (Depth: 1) | Queue: 1263 | Nodes: 1446

🔍 [탐색] Colin Brittain (Depth: 1) | Queue: 1263 | Nodes: 1447

🔍 [탐색] Don Gilmore (Depth: 1) | Queue: 1263 | Nodes: 1448
  💾 중간 저장 완료 (1448 nodes)

🔍 [탐색] The Dust Brothers (Depth: 1) | Queue: 1262 | Nodes: 1448

🔍 [탐색] Rakim (Depth: 1) | Queue: 1267 | Nodes: 1454

🔍 [탐색] Jeff Blue (Depth: 1) | Queue: 1284 | Nodes: 1472

🔍 [탐색] 삼자돼면 (Depth: 1) | Queue: 1283 | Nodes: 1472

🔍 [탐색] Mithra 眞 (Depth: 1) | Queue: 1283 | Nodes: 1473
  💾 중간 저장 완료 (1476 nodes)

🔍 [탐색] Tablo (Depth: 1) | Queue: 1285 | Nodes: 1476

🔍 [탐색] DJ Tukutz (Depth: 1) | Queue: 1287 | Nodes: 1479

🔍 [탐색] 김현아 (Depth: 1) | Queue: 1286 | Nodes: 1479

🔍 [탐색] J-Win (Depth: 1) | Queue: 1285 | Nodes: 1479

🔍 [탐색] Planet Shiver (Depth: 1) | Queue: 1284 | Nodes: 1479
  💾 중간 저장 완료 (1479 nodes)

🔍 [탐색] 개코 (Depth: 1) | Queue: 1283 | Nodes: 1479

🔍 [탐색] 최자 (Depth: 1) | Queue: 1284 | Nodes: 1481

🔍 [탐색] Philtre (Depth: 1) | Queue: 1284 | Nodes: 1482

🔍 [탐색] Yankie (Depth: 1) | Queue: 1283 | Nodes: 1482

🔍 [탐색] 지선 (Depth: 1) | Queue: 1289 | Nodes: 1489
  💾 중간 저장 완료 (1490 nodes)

🔍 [탐색] 김종완 (Depth: 1) | Queue: 1289 | Nodes: 1490

🔍 [탐색] Pe2ny (Depth: 1) | Queue: 1289 | Nodes: 1491

🔍 [탐색] Kensie (Depth: 1) | Queue: 1297 | Nodes: 1500

🔍 [탐색] DH-style (Depth: 1) | Queue: 1296 | Nodes: 1500

🔍 [탐색] 이융진 (Depth: 1) | Queue: 1295 | Nodes: 1500
  💾 중간 저장 완료 (1501 nodes)

🔍 [탐색] Lisa (Depth: 1) | Queue: 1295 | Nodes: 1501

🔍 [탐색] 타루 (Depth: 1) | Queue: 1294 | Nodes: 1501

🔍 [탐색] Dynamic Duo (Depth: 1) | Queue: 1300 | Nodes: 1508

🔍 [탐색] Akira (Depth: 1) | Queue: 1317 | Nodes: 1526

🔍 [탐색] Kebee (Depth: 1) | Queue: 1316 | Nodes: 1526
  💾 중간 저장 완료 (1544 nodes)

🔍 [탐색] Jinbo (Depth: 1) | Queue: 1333 | Nodes: 1544

🔍 [탐색] Paloalto (Depth: 1) | Queue: 1332 | Nodes: 1544

🔍 [탐색] 이현도 (Depth: 1) | Queue: 1337 | Nodes: 1550

🔍 [탐색] unknownDJs (Depth: 1) | Queue: 1336 | Nodes: 1550

🔍 [탐색] DJ Friz (Depth: 1) | Queue: 1337 | Nodes: 1552
  💾 중간 저장 완료 (1552 nodes)

🔍 [탐색] TBNY (Depth: 1) | Queue: 1336 | Nodes: 1552

🔍 [탐색] Leeds (Depth: 1) | Queue: 1340 | Nodes: 1557

🔍 [탐색] 언프리티 랩스타 2 (Depth: 1) | Queue: 1339 | Nodes: 1557

🔍 [탐색] 조휴일 (Depth: 1) | Queue: 1349 | Nodes: 1568

🔍 [탐색] DJ HotBoyzZ (Depth: 1) | Queue: 1350 | Nodes: 1570
  💾 중간 저장 완료 (1571 nodes)

🔍 [탐색] 김성수 (Depth: 1) | Queue: 1350 | Nodes: 1571

🔍 [탐색] Kia Eshghi (Depth: 1) | Queue: 1349 | Nodes: 1571

🔍 [탐색] 임형준 (Depth: 1) | Queue: 1348 | Nodes: 1571

🔍 [탐색] 박세훈 (Depth: 1) | Queue: 1348 | Nodes: 1572

🔍 [탐색] 서승택 (Depth: 1) | Queue: 1348 | Nodes: 1573
  💾 중간 저장 완료 (1573 nodes)

🔍 [탐색] 윤시황 (Depth: 1) | Queue: 1347 | Nodes: 1573

🔍 [탐색] JINI (Depth: 1) | Queue: 1346 | Nodes: 1573

🔍 [탐색] 배이 (Depth: 1) | Queue: 1366 | Nodes: 1594

🔍 [탐색] 해원 (Depth: 1) | Queue: 1365 | Nodes: 1594

🔍 [탐색] 지우 (Depth: 1) | Queue: 1364 | Nodes: 1594
  💾 중간 저장 완료 (1594 nodes)

🔍 [탐색] 규진 (Depth: 1) | Queue: 1363 | Nodes: 1594

🔍 [탐색] LILY (Depth: 1) | Queue: 1362 | Nodes: 1594

🔍 [탐색] 설윤 (Depth: 1) | Queue: 1361 | Nodes: 1594

🔍 [탐색] 오현선 (Depth: 1) | Queue: 1360 | Nodes: 1594

🔍 [탐색] 이스란 (Depth: 1) | Queue: 1359 | Nodes: 1594
  💾 중간 저장 완료 (1594 nodes)

🔍 [탐색] Brown Panda (Depth: 1) | Queue: 1358 | Nodes: 1594

🔍 [탐색] HONEY NOISE (Depth: 1) | Queue: 1357 | Nodes: 1594

🔍 [탐색] Brian U (Depth: 1) | Queue: 1356 | Nodes: 1594

🔍 [탐색] Frankie Day (Depth: 1) | Queue: 1356 | Nodes: 1595

🔍 [탐색] Awry (Depth: 1) | Queue: 1355 | Nodes: 1595
  💾 중간 저장 완료 (1595 nodes)

🔍 [탐색] 문여름 (Depth: 1) | Queue: 1354 | Nodes: 1595

🔍 [탐색] 박상유 (Depth: 1) | Queue: 1353 | Nodes: 1595

🔍 [탐색] PUFF (Depth: 1) | Queue: 1352 | Nodes: 1595

🔍 [탐색] Strong Dragon (Depth: 1) | Queue: 1351 | Nodes: 1595

🔍 [탐색] C’SA (Depth: 1) | Queue: 1350 | Nodes: 1595
  💾 중간 저장 완료 (1595 nodes)

🔍 [탐색] 백새임 (Depth: 1) | Queue: 1349 | Nodes: 1595

🔍 [탐색] Rick Bridges (Depth: 1) | Queue: 1348 | Nodes: 1595

🔍 [탐색] Deza (Depth: 1) | Queue: 1347 | Nodes: 1595

🔍 [탐색] 형근 (Depth: 1) | Queue: 1349 | Nodes: 1598

🔍 [탐색] 정다연 (Depth: 1) | Queue: 1348 | Nodes: 1598
  💾 중간 저장 완료 (1598 nodes)

🔍 [탐색] 김인 (Depth: 1) | Queue: 1347 | Nodes: 1598

🔍 [탐색] 성유진 (Depth: 1) | Queue: 1347 | Nodes: 1599

🔍 [탐색] WKLY (Depth: 1) | Queue: 1346 | Nodes: 1599

🔍 [탐색] 원지애 (Depth: 1) | Queue: 1345 | Nodes: 1599

🔍 [탐색] AFTRSHOK (Depth: 1) | Queue: 1344 | Nodes: 1599
  💾 중간 저장 완료 (1602 nodes)

🔍 [탐색] Joseph K (Depth: 1) | Queue: 1346 | Nodes: 1602

🔍 [탐색] LSY (Depth: 1) | Queue: 1345 | Nodes: 1602

🔍 [탐색] NVR know (Depth: 1) | Queue: 1344 | Nodes: 1602

🔍 [탐색] Jacob Aaron (Depth: 1) | Queue: 1346 | Nodes: 1605

🔍 [탐색] Awrii (Depth: 1) | Queue: 1345 | Nodes: 1605
  💾 중간 저장 완료 (1605 nodes)

🔍 [탐색] Ayushy (Depth: 1) | Queue: 1344 | Nodes: 1605

🔍 [탐색] 복주영 (Depth: 1) | Queue: 1343 | Nodes: 1605

🔍 [탐색] LDN Noise (Depth: 1) | Queue: 1342 | Nodes: 1605

🔍 [탐색] Kriz (Depth: 1) | Queue: 1341 | Nodes: 1605

🔍 [탐색] Greg Bonnick (Depth: 1) | Queue: 1340 | Nodes: 1605
  💾 중간 저장 완료 (1606 nodes)

🔍 [탐색] Hayden Chapman (Depth: 1) | Queue: 1340 | Nodes: 1606

🔍 [탐색] Taet Chesterton (Depth: 1) | Queue: 1339 | Nodes: 1606

🔍 [탐색] Danny Shah (Depth: 1) | Queue: 1338 | Nodes: 1606

🔍 [탐색] 강영현 (Depth: 1) | Queue: 1337 | Nodes: 1606

🔍 [탐색] Ryan S. Jhun (Depth: 1) | Queue: 1337 | Nodes: 1607
  💾 중간 저장 완료 (1607 nodes)

🔍 [탐색] The Wavys (Depth: 1) | Queue: 1336 | Nodes: 1607

🔍 [탐색] Austin Nicole Wolfe (Depth: 1) | Queue: 1335 | Nodes: 1607

🔍 [탐색] Jack Brady (Depth: 1) | Queue: 1334 | Nodes: 1607

🔍 [탐색] Jordan Roman (Depth: 1) | Queue: 1333 | Nodes: 1607

🔍 [탐색] 장다인 (Depth: 1) | Queue: 1332 | Nodes: 1607
  💾 중간 저장 완료 (1607 nodes)

🔍 [탐색] 유가영 (Depth: 1) | Queue: 1331 | Nodes: 1607

🔍 [탐색] dwilly (Depth: 1) | Queue: 1330 | Nodes: 1607

🔍 [탐색] 김연서 (Depth: 1) | Queue: 1330 | Nodes: 1608

🔍 [탐색] Colin Magalong (Depth: 1) | Queue: 1329 | Nodes: 1608

🔍 [탐색] SORANA (Depth: 1) | Queue: 1328 | Nodes: 1608
  💾 중간 저장 완료 (1608 nodes)

🔍 [탐색] danke (Depth: 1) | Queue: 1327 | Nodes: 1608

🔍 [탐색] 진솔 (Depth: 1) | Queue: 1327 | Nodes: 1609

🔍 [탐색] 박수빈 (Depth: 1) | Queue: 1326 | Nodes: 1609

🔍 [탐색] 이우민 (Depth: 1) | Queue: 1325 | Nodes: 1609

🔍 [탐색] Fredrik Ödesjö (Depth: 1) | Queue: 1324 | Nodes: 1609
  💾 중간 저장 완료 (1609 nodes)

🔍 [탐색] Abir (Depth: 1) | Queue: 1323 | Nodes: 1609

🔍 [탐색] Julius Rodriguez (Depth: 1) | Queue: 1322 | Nodes: 1609

🔍 [탐색] 김수지 (Depth: 1) | Queue: 1321 | Nodes: 1609

🔍 [탐색] 우진 (Depth: 1) | Queue: 1320 | Nodes: 1609

🔍 [탐색] 방찬 (Depth: 1) | Queue: 1319 | Nodes: 1609
  💾 중간 저장 완료 (1611 nodes)

🔍 [탐색] 창빈 (Depth: 1) | Queue: 1320 | Nodes: 1611

🔍 [탐색] 필릭스 (Depth: 1) | Queue: 1319 | Nodes: 1611

🔍 [탐색] 한 (Depth: 1) | Queue: 1322 | Nodes: 1615

🔍 [탐색] 현진 (Depth: 1) | Queue: 1321 | Nodes: 1615

🔍 [탐색] 아이엔 (Depth: 1) | Queue: 1320 | Nodes: 1615
  💾 중간 저장 완료 (1615 nodes)

🔍 [탐색] 리노 (Depth: 1) | Queue: 1319 | Nodes: 1615

🔍 [탐색] 승민 (Depth: 1) | Queue: 1318 | Nodes: 1615

🔍 [탐색] 베르사최 (Depth: 1) | Queue: 1319 | Nodes: 1617

🔍 [탐색] 채강해 (Depth: 1) | Queue: 1318 | Nodes: 1617

🔍 [탐색] RESTART (Depth: 1) | Queue: 1317 | Nodes: 1617
  💾 중간 저장 완료 (1617 nodes)

🔍 [탐색] BB ELLIOT (Depth: 1) | Queue: 1316 | Nodes: 1617

🔍 [탐색] Ronnie Icon (Depth: 1) | Queue: 1315 | Nodes: 1617

🔍 [탐색] Dallas Koehike (Depth: 1) | Queue: 1314 | Nodes: 1617

🔍 [탐색] Nathan Cunningham (Depth: 1) | Queue: 1313 | Nodes: 1617

🔍 [탐색] JBACH (Depth: 1) | Queue: 1313 | Nodes: 1618
  💾 중간 저장 완료 (1619 nodes)

🔍 [탐색] Marc Sibley (Depth: 1) | Queue: 1313 | Nodes: 1619

🔍 [탐색] 조성호 (Depth: 1) | Queue: 1312 | Nodes: 1619

🔍 [탐색] 이창섭 (Depth: 1) | Queue: 1311 | Nodes: 1619

🔍 [탐색] 이민혁 (Depth: 1) | Queue: 1315 | Nodes: 1624

🔍 [탐색] PENIEL (Depth: 1) | Queue: 1319 | Nodes: 1629
  💾 중간 저장 완료 (1632 nodes)

🔍 [탐색] 서은광 (Depth: 1) | Queue: 1321 | Nodes: 1632

🔍 [탐색] The Muze (Depth: 1) | Queue: 1338 | Nodes: 1650

🔍 [탐색] MINO (Depth: 1) | Queue: 1340 | Nodes: 1653

🔍 [탐색] BOBBY (Depth: 1) | Queue: 1342 | Nodes: 1656

🔍 [탐색] Daniel Kim (Depth: 1) | Queue: 1345 | Nodes: 1660
  💾 중간 저장 완료 (1660 nodes)

🔍 [탐색] Willie Weeks (Depth: 1) | Queue: 1344 | Nodes: 1660

🔍 [탐색] 한성호 (Depth: 1) | Queue: 1343 | Nodes: 1660

🔍 [탐색] 휘영 (Depth: 1) | Queue: 1342 | Nodes: 1660

🔍 [탐색] 강찬희 (Depth: 1) | Queue: 1342 | Nodes: 1661

🔍 [탐색] 영빈 (Depth: 1) | Queue: 1341 | Nodes: 1661
  💾 중간 저장 완료 (1661 nodes)

🔍 [탐색] 주호 (Depth: 1) | Queue: 1340 | Nodes: 1661

🔍 [탐색] 주찬양 (Depth: 1) | Queue: 1339 | Nodes: 1661

🔍 [탐색] MUSSASHI (Depth: 1) | Queue: 1338 | Nodes: 1661

🔍 [탐색] Yuka Otsuki (Depth: 1) | Queue: 1337 | Nodes: 1661

🔍 [탐색] Hautboi Rich (Depth: 1) | Queue: 1336 | Nodes: 1661
  💾 중간 저장 완료 (1661 nodes)

🔍 [탐색] Fabian Strandberg (Depth: 1) | Queue: 1335 | Nodes: 1661

🔍 [탐색] 조윤경 (Depth: 1) | Queue: 1334 | Nodes: 1661

🔍 [탐색] 3RACHA (Depth: 1) | Queue: 1333 | Nodes: 1661

🔍 [탐색] Zack Djurich (Depth: 1) | Queue: 1332 | Nodes: 1661

🔍 [탐색] Tiger JK (Depth: 1) | Queue: 1331 | Nodes: 1661
  💾 중간 저장 완료 (1663 nodes)

🔍 [탐색] SOOJIN (Depth: 1) | Queue: 1332 | Nodes: 1663

🔍 [탐색] MINNIE (Depth: 1) | Queue: 1341 | Nodes: 1673

🔍 [탐색] MIYEON (Depth: 1) | Queue: 1345 | Nodes: 1678

🔍 [탐색] JEON SOYEON (Depth: 1) | Queue: 1344 | Nodes: 1678

🔍 [탐색] 叶叔华 (Depth: 1) | Queue: 1347 | Nodes: 1682
  💾 중간 저장 완료 (1682 nodes)

🔍 [탐색] YUQI (Depth: 1) | Queue: 1346 | Nodes: 1682

🔍 [탐색] 홍승성 (Depth: 1) | Queue: 1345 | Nodes: 1682

🔍 [탐색] 빅싼초 (Depth: 1) | Queue: 1344 | Nodes: 1682

🔍 [탐색] Pop Time (Depth: 1) | Queue: 1343 | Nodes: 1682

🔍 [탐색] BreadBeat (Depth: 1) | Queue: 1342 | Nodes: 1682
  💾 중간 저장 완료 (1683 nodes)

🔍 [탐색] 전재희 (Depth: 1) | Queue: 1342 | Nodes: 1683

🔍 [탐색] Kako (Depth: 1) | Queue: 1341 | Nodes: 1683

🔍 [탐색] Boytoy (Depth: 1) | Queue: 1340 | Nodes: 1683

🔍 [탐색] FCM 후디니 (Depth: 1) | Queue: 1339 | Nodes: 1683

🔍 [탐색] 윤종성 (Depth: 1) | Queue: 1338 | Nodes: 1683
  💾 중간 저장 완료 (1686 nodes)

🔍 [탐색] Le’mon (Depth: 1) | Queue: 1340 | Nodes: 1686

🔍 [탐색] FERDY (Depth: 1) | Queue: 1339 | Nodes: 1686

🔍 [탐색] 손영진 (Depth: 1) | Queue: 1338 | Nodes: 1686

🔍 [탐색] 박해일 (Depth: 1) | Queue: 1337 | Nodes: 1686

🔍 [탐색] 김재웅 (Depth: 1) | Queue: 1336 | Nodes: 1686
  💾 중간 저장 완료 (1686 nodes)

🔍 [탐색] VINCENZO (Depth: 1) | Queue: 1335 | Nodes: 1686

🔍 [탐색] ARIN (Depth: 1) | Queue: 1334 | Nodes: 1686

🔍 [탐색] Fuxxy (Depth: 1) | Queue: 1333 | Nodes: 1686

🔍 [탐색] JENCI (Depth: 1) | Queue: 1332 | Nodes: 1686

🔍 [탐색] Disko (Depth: 1) | Queue: 1331 | Nodes: 1686
  💾 중간 저장 완료 (1686 nodes)

🔍 [탐색] 김제이미 (Depth: 1) | Queue: 1330 | Nodes: 1686

🔍 [탐색] PLZ (Depth: 1) | Queue: 1329 | Nodes: 1686

🔍 [탐색] 로 (Depth: 1) | Queue: 1328 | Nodes: 1686

🔍 [탐색] Daily (Depth: 1) | Queue: 1327 | Nodes: 1686

🔍 [탐색] Likey (Depth: 1) | Queue: 1326 | Nodes: 1686
  💾 중간 저장 완료 (1686 nodes)

🔍 [탐색] 이승훈 (Depth: 1) | Queue: 1325 | Nodes: 1686

🔍 [탐색] 수경 (Depth: 1) | Queue: 1324 | Nodes: 1686

🔍 [탐색] 제인스 (Depth: 1) | Queue: 1323 | Nodes: 1686

🔍 [탐색] MOJO (Depth: 1) | Queue: 1322 | Nodes: 1686

🔍 [탐색] 신쿵 (Depth: 1) | Queue: 1321 | Nodes: 1686
  💾 중간 저장 완료 (1686 nodes)

🔍 [탐색] Roydo (Depth: 1) | Queue: 1320 | Nodes: 1686

🔍 [탐색] Tim Tan (Depth: 1) | Queue: 1319 | Nodes: 1686

🔍 [탐색] 안예은 (Depth: 1) | Queue: 1318 | Nodes: 1686

🔍 [탐색] FCM 667 (Depth: 1) | Queue: 1319 | Nodes: 1688

🔍 [탐색] 서재우 (Depth: 1) | Queue: 1318 | Nodes: 1688
  💾 중간 저장 완료 (1688 nodes)

🔍 [탐색] JAMIE (Depth: 1) | Queue: 1317 | Nodes: 1688

🔍 [탐색] JUNE (Depth: 1) | Queue: 1318 | Nodes: 1690

🔍 [탐색] MooF (Depth: 1) | Queue: 1317 | Nodes: 1690

🔍 [탐색] Danielle (Depth: 1) | Queue: 1316 | Nodes: 1690

🔍 [탐색] 해린 (Depth: 1) | Queue: 1317 | Nodes: 1692
  💾 중간 저장 완료 (1692 nodes)

🔍 [탐색] Hanni (Depth: 1) | Queue: 1316 | Nodes: 1692

🔍 [탐색] 혜인 (Depth: 1) | Queue: 1315 | Nodes: 1692

🔍 [탐색] 민지 (Depth: 1) | Queue: 1314 | Nodes: 1692

🔍 [탐색] Gigi (Depth: 1) | Queue: 1313 | Nodes: 1692

🔍 [탐색] Erika de Casier (Depth: 1) | Queue: 1312 | Nodes: 1692
  💾 중간 저장 완료 (1694 nodes)

🔍 [탐색] Frankie Scoca (Depth: 1) | Queue: 1313 | Nodes: 1694

🔍 [탐색] Fine Glindvad Jensen (Depth: 1) | Queue: 1312 | Nodes: 1694

🔍 [탐색] FRNK (Depth: 1) | Queue: 1312 | Nodes: 1695

🔍 [탐색] 250 (Depth: 1) | Queue: 1312 | Nodes: 1696

🔍 [탐색] Kristine Bogan (Depth: 1) | Queue: 1311 | Nodes: 1696
  💾 중간 저장 완료 (1697 nodes)

🔍 [탐색] Kim Ximya (Depth: 1) | Queue: 1311 | Nodes: 1697

🔍 [탐색] Ylva Dimberg (Depth: 1) | Queue: 1310 | Nodes: 1697

🔍 [탐색] Beenzino (Depth: 1) | Queue: 1309 | Nodes: 1697

🔍 [탐색] freekind. (Depth: 1) | Queue: 1326 | Nodes: 1715

🔍 [탐색] H1GHR MUSIC (Depth: 1) | Queue: 1325 | Nodes: 1715
  💾 중간 저장 완료 (1734 nodes)

🔍 [탐색] Sous Chefs (Depth: 1) | Queue: 1343 | Nodes: 1734

🔍 [탐색] GroovyRoom (Depth: 1) | Queue: 1343 | Nodes: 1735

🔍 [탐색] BMTJ (Depth: 1) | Queue: 1343 | Nodes: 1736

🔍 [탐색] GRAY (Depth: 1) | Queue: 1343 | Nodes: 1737

🔍 [탐색] WOOGIE (Depth: 1) | Queue: 1343 | Nodes: 1738
  💾 중간 저장 완료 (1738 nodes)

🔍 [탐색] Nelson Riddle (Depth: 1) | Queue: 1342 | Nodes: 1738

🔍 [탐색] Edna Alexander (Depth: 1) | Queue: 1352 | Nodes: 1749

🔍 [탐색] Sidney Mitchell (Depth: 1) | Queue: 1351 | Nodes: 1749

🔍 [탐색] Maceo Pinkard (Depth: 1) | Queue: 1350 | Nodes: 1749

🔍 [탐색] Nora Lee King (Depth: 1) | Queue: 1350 | Nodes: 1750
  💾 중간 저장 완료 (1750 nodes)

🔍 [탐색] Irving Berlin (Depth: 1) | Queue: 1349 | Nodes: 1750

🔍 [탐색] James Lord Pierpont (Depth: 1) | Queue: 1369 | Nodes: 1771

🔍 [탐색] Jule Styne (Depth: 1) | Queue: 1368 | Nodes: 1771

🔍 [탐색] Sammy Cahn (Depth: 1) | Queue: 1388 | Nodes: 1792

🔍 [탐색] Nat Simon (Depth: 1) | Queue: 1399 | Nodes: 1804
  💾 중간 저장 완료 (1804 nodes)

🔍 [탐색] Jimmy Kennedy (Depth: 1) | Queue: 1398 | Nodes: 1804

🔍 [탐색] Doris Day (Depth: 1) | Queue: 1397 | Nodes: 1804

🔍 [탐색] Sammy Fain (Depth: 1) | Queue: 1420 | Nodes: 1828

🔍 [탐색] Paul Francis Webster (Depth: 1) | Queue: 1433 | Nodes: 1842

🔍 [탐색] Duke Ellington (Depth: 1) | Queue: 1432 | Nodes: 1842
  💾 중간 저장 완료 (1887 nodes)

🔍 [탐색] Nat King Cole (Depth: 1) | Queue: 1476 | Nodes: 1887

🔍 [탐색] Oscar Moore (Depth: 1) | Queue: 1543 | Nodes: 1955

🔍 [탐색] Leonard Feather (Depth: 1) | Queue: 1551 | Nodes: 1964

🔍 [탐색] Victor Herbert (Depth: 1) | Queue: 1559 | Nodes: 1973

🔍 [탐색] Al Dubin (Depth: 1) | Queue: 1582 | Nodes: 1997
  💾 중간 저장 완료 (1997 nodes)

🔍 [탐색] Louis Armstrong (Depth: 1) | Queue: 1581 | Nodes: 1997

🎉 탐색 종료! 총 노드: 2047, 총 엣지: 2324
